<component name="libraryTable">
  <library name="junit-jupiter-engine-5.11.0-M2-javadoc">
    <CLASSES>
      <root url="jar://$PROJECT_DIR$/Libs/junit-jupiter-engine-5.11.0-M2-javadoc.jar!/" />
    </CLASSES>
    <JAVADOC />
    <SOURCES />
  </library>
</component>